<?xml version="1.0" encoding="UTF-8"?>
<testsuite xmlns:xsi="http://www.w3.org/2001/XMLSchema-instance" xsi:noNamespaceSchemaLocation="https://maven.apache.org/surefire/maven-surefire-plugin/xsd/surefire-test-report-3.0.xsd" version="3.0" name="TestSuite" time="17.712" tests="10" errors="0" skipped="0" failures="0">
  <properties>
[...]
</properties>
  <testcase name="testWithVariables[IN](1)" classname="demo.GraphqlQueryCalls" time="5.327">
    <system-out><![CDATA[Request method:	POST
Request URI:	https://countries.trevorblades.com/
Proxy:			<none>
Request params:	<none>
Query params:	<none>
Form params:	<none>
Path params:	<none>
Headers:		Accept=application/json, application/javascript, text/javascript, text/json
				Content-Type=application/json
Cookies:		<none>
Multiparts:		<none>
Body:
{
    "query": "query getCountry($countryCode: ID!){\n    country(code: $countryCode) {\n        name\n        capital\n    }\n}\n",
    "variables": {
        "countryCode": "IN"
    },
    "operationName": "getCountry"
}
HTTP/1.1 200 
Connection: keep-alive
Content-Length: 82
x-served-by: cache-sin-wsss1830023-SIN
accept-ranges: bytes
date: Fri, 26 Sep 2025 07:29:19 GMT
content-type: application/json; charset=utf-8
access-control-max-age: 600
vary: accept-encoding
access-control-expose-headers: *
access-control-allow-credentials: true
alt-svc: h3=":443"; ma=86400
access-control-allow-methods: POST, GET, HEAD, OPTIONS
access-control-allow-headers: *
access-control-allow-origin: *
x-powered-by: Stellate
age: 307
cache-control: public, s-maxage=2628000, stale-while-revalidate=2628000
x-cache: HIT
x-cache-hits: 2
gcdn-cache: HIT
stellate-rate-limit-budget-remaining: 49
stellate-rate-limit-rules: "IP limit";type="RequestCount";budget=50;limited=?0;remaining=49;refill=60
stellate-rate-limit-decision: pass
stellate-rate-limit-budget-required: 6
content-encoding: gzip

{
    "data": {
        "country": {
            "capital": "New Delhi",
            "name": "India"
        }
    }
}
]]></system-out>
    <system-err><![CDATA[SLF4J: Failed to load class "org.slf4j.impl.StaticLoggerBinder".
SLF4J: Defaulting to no-operation (NOP) logger implementation
SLF4J: See http://www.slf4j.org/codes.html#StaticLoggerBinder for further details.
]]></system-err>
  </testcase>
  <testcase name="testWithVariables[US](2)" classname="demo.GraphqlQueryCalls" time="0.534">
    <system-out><![CDATA[Request method:	POST
Request URI:	https://countries.trevorblades.com/
Proxy:			<none>
Request params:	<none>
Query params:	<none>
Form params:	<none>
Path params:	<none>
Headers:		Accept=application/json, application/javascript, text/javascript, text/json
				Content-Type=application/json
Cookies:		<none>
Multiparts:		<none>
Body:
{
    "query": "query getCountry($countryCode: ID!){\n    country(code: $countryCode) {\n        name\n        capital\n    }\n}\n",
    "variables": {
        "countryCode": "US"
    },
    "operationName": "getCountry"
}
HTTP/1.1 200 
Connection: keep-alive
Content-Length: 96
x-served-by: cache-sin-wsss1830078-SIN
accept-ranges: bytes
date: Fri, 26 Sep 2025 07:29:19 GMT
content-type: application/json; charset=utf-8
access-control-max-age: 600
vary: accept-encoding
access-control-expose-headers: *
access-control-allow-credentials: true
alt-svc: h3=":443"; ma=86400
access-control-allow-methods: POST, GET, HEAD, OPTIONS
access-control-allow-headers: *
access-control-allow-origin: *
x-powered-by: Stellate
age: 308
cache-control: public, s-maxage=2628000, stale-while-revalidate=2628000
x-cache: HIT
x-cache-hits: 2
gcdn-cache: HIT
stellate-rate-limit-budget-remaining: 48
stellate-rate-limit-rules: "IP limit";type="RequestCount";budget=50;limited=?0;remaining=48;refill=60
stellate-rate-limit-decision: pass
stellate-rate-limit-budget-required: 6
content-encoding: gzip

{
    "data": {
        "country": {
            "capital": "Washington D.C.",
            "name": "United States"
        }
    }
}
]]></system-out>
  </testcase>
  <testcase name="testXLData[IN, India](1)" classname="demo.GraphqlQueryCalls" time="1.882">
    <system-out><![CDATA[HTTP/1.1 200 
Connection: keep-alive
Content-Length: 82
x-served-by: cache-sin-wsss1830093-SIN
accept-ranges: bytes
date: Fri, 26 Sep 2025 07:29:19 GMT
content-type: application/json; charset=utf-8
access-control-max-age: 600
vary: accept-encoding
access-control-expose-headers: *
access-control-allow-credentials: true
alt-svc: h3=":443"; ma=86400
access-control-allow-methods: POST, GET, HEAD, OPTIONS
access-control-allow-headers: *
access-control-allow-origin: *
x-powered-by: Stellate
age: 310
cache-control: public, s-maxage=2628000, stale-while-revalidate=2628000
x-cache: HIT
x-cache-hits: 3
gcdn-cache: HIT
stellate-rate-limit-budget-remaining: 47
stellate-rate-limit-rules: "IP limit";type="RequestCount";budget=50;limited=?0;remaining=47;refill=57
stellate-rate-limit-decision: pass
stellate-rate-limit-budget-required: 6
content-encoding: gzip

{
    "data": {
        "country": {
            "capital": "New Delhi",
            "name": "India"
        }
    }
}
]]></system-out>
    <system-err><![CDATA[ERROR StatusLogger Log4j2 could not find a logging implementation. Please add log4j-core to the classpath. Using SimpleLogger to log to the console...
]]></system-err>
  </testcase>
  <testcase name="testXLData[US, United States](2)" classname="demo.GraphqlQueryCalls" time="0.577">
    <system-out><![CDATA[HTTP/1.1 200 
Connection: keep-alive
Content-Length: 96
x-served-by: cache-sin-wsss1830028-SIN
accept-ranges: bytes
date: Fri, 26 Sep 2025 07:29:19 GMT
content-type: application/json; charset=utf-8
access-control-max-age: 600
vary: accept-encoding
access-control-expose-headers: *
access-control-allow-credentials: true
alt-svc: h3=":443"; ma=86400
access-control-allow-methods: POST, GET, HEAD, OPTIONS
access-control-allow-headers: *
access-control-allow-origin: *
x-powered-by: Stellate
age: 312
cache-control: public, s-maxage=2628000, stale-while-revalidate=2628000
x-cache: HIT
x-cache-hits: 3
gcdn-cache: HIT
stellate-rate-limit-budget-remaining: 46
stellate-rate-limit-rules: "IP limit";type="RequestCount";budget=50;limited=?0;remaining=46;refill=55
stellate-rate-limit-decision: pass
stellate-rate-limit-budget-required: 6
content-encoding: gzip

{
    "data": {
        "country": {
            "capital": "Washington D.C.",
            "name": "United States"
        }
    }
}
]]></system-out>
  </testcase>
  <testcase name="testXLData[FR, France](3)" classname="demo.GraphqlQueryCalls" time="0.355">
    <system-out><![CDATA[HTTP/1.1 200 
Connection: keep-alive
Content-Length: 79
x-served-by: cache-sin-wsss1830036-SIN
accept-ranges: bytes
date: Fri, 26 Sep 2025 07:29:23 GMT
content-type: application/json; charset=utf-8
access-control-max-age: 600
vary: accept-encoding
access-control-expose-headers: *
access-control-allow-credentials: true
alt-svc: h3=":443"; ma=86400
access-control-allow-methods: POST, GET, HEAD, OPTIONS
access-control-allow-headers: *
access-control-allow-origin: *
x-powered-by: Stellate
age: 308
cache-control: public, s-maxage=2628000, stale-while-revalidate=2628000
x-cache: HIT
x-cache-hits: 1
gcdn-cache: HIT
stellate-rate-limit-budget-remaining: 45
stellate-rate-limit-rules: "IP limit";type="RequestCount";budget=50;limited=?0;remaining=45;refill=55
stellate-rate-limit-decision: pass
stellate-rate-limit-budget-required: 6
content-encoding: gzip

{
    "data": {
        "country": {
            "capital": "Paris",
            "name": "France"
        }
    }
}
]]></system-out>
  </testcase>
  <testcase name="testXLData[AU, Australia](4)" classname="demo.GraphqlQueryCalls" time="0.382">
    <system-out><![CDATA[HTTP/1.1 200 
Connection: keep-alive
Content-Length: 85
x-served-by: cache-sin-wsss1830021-SIN
accept-ranges: bytes
date: Fri, 26 Sep 2025 07:29:24 GMT
content-type: application/json; charset=utf-8
access-control-max-age: 600
vary: accept-encoding
access-control-expose-headers: *
access-control-allow-credentials: true
alt-svc: h3=":443"; ma=86400
access-control-allow-methods: POST, GET, HEAD, OPTIONS
access-control-allow-headers: *
access-control-allow-origin: *
x-powered-by: Stellate
age: 307
cache-control: public, s-maxage=2628000, stale-while-revalidate=2628000
x-cache: HIT
x-cache-hits: 1
gcdn-cache: HIT
stellate-rate-limit-budget-remaining: 44
stellate-rate-limit-rules: "IP limit";type="RequestCount";budget=50;limited=?0;remaining=44;refill=55
stellate-rate-limit-decision: pass
stellate-rate-limit-budget-required: 6
content-encoding: gzip

{
    "data": {
        "country": {
            "capital": "Canberra",
            "name": "Australia"
        }
    }
}
]]></system-out>
  </testcase>
  <testcase name="testPojoForCountry" classname="demo.PojoCalls" time="1.429">
    <system-out><![CDATA[HTTP/1.1 200 
Connection: keep-alive
Content-Length: 97
x-served-by: cache-sin-wsss1830082-SIN
accept-ranges: bytes
date: Fri, 26 Sep 2025 07:29:24 GMT
content-type: application/json; charset=utf-8
access-control-max-age: 600
server-timing: cfL4;desc="?proto=TCP&rtt=1117&min_rtt=1112&rtt_var=420&sent=5&recv=6&lost=0&retrans=0&sent_bytes=2864&recv_bytes=1635&delivery_rate=3636690&cwnd=252&unsent_bytes=0&cid=1f73a4a4c03bae6f&ts=135&x=0"
access-control-expose-headers: *
access-control-allow-credentials: true
vary: Accept-Encoding
access-control-allow-methods: POST, GET, HEAD, OPTIONS
access-control-allow-headers: *
alt-svc: h3=":443"; ma=86400
access-control-allow-origin: *
x-powered-by: Stellate
age: 309
cache-control: public, s-maxage=2628000, stale-while-revalidate=2628000
x-cache: HIT
x-cache-hits: 1
gcdn-cache: HIT
stellate-rate-limit-budget-remaining: 43
stellate-rate-limit-rules: "IP limit";type="RequestCount";budget=50;limited=?0;remaining=43;refill=53
stellate-rate-limit-decision: pass
stellate-rate-limit-budget-required: 7
content-encoding: gzip

{
    "data": {
        "country": {
            "code": "US",
            "capital": "Washington D.C.",
            "name": "United States"
        }
    }
}
]]></system-out>
  </testcase>
  <testcase name="test1" classname="demo.SampleTesting" time="0.882">
    <system-out><![CDATA[{
    "page": 2,
    "per_page": 6,
    "total": 12,
    "total_pages": 2,
    "data": [
        {
            "id": 7,
            "email": "michael.lawson@reqres.in",
            "first_name": "Michael",
            "last_name": "Lawson",
            "avatar": "https://reqres.in/img/faces/7-image.jpg"
        },
        {
            "id": 8,
            "email": "lindsay.ferguson@reqres.in",
            "first_name": "Lindsay",
            "last_name": "Ferguson",
            "avatar": "https://reqres.in/img/faces/8-image.jpg"
        },
        {
            "id": 9,
            "email": "tobias.funke@reqres.in",
            "first_name": "Tobias",
            "last_name": "Funke",
            "avatar": "https://reqres.in/img/faces/9-image.jpg"
        },
        {
            "id": 10,
            "email": "byron.fields@reqres.in",
            "first_name": "Byron",
            "last_name": "Fields",
            "avatar": "https://reqres.in/img/faces/10-image.jpg"
        },
        {
            "id": 11,
            "email": "george.edwards@reqres.in",
            "first_name": "George",
            "last_name": "Edwards",
            "avatar": "https://reqres.in/img/faces/11-image.jpg"
        },
        {
            "id": 12,
            "email": "rachel.howell@reqres.in",
            "first_name": "Rachel",
            "last_name": "Howell",
            "avatar": "https://reqres.in/img/faces/12-image.jpg"
        }
    ],
    "support": {
        "url": "https://contentcaddy.io?utm_source=reqres&utm_medium=json&utm_campaign=referral",
        "text": "Tired of writing endless social media content? Let Content Caddy generate it for you."
    }
}
]]></system-out>
  </testcase>
  <testcase name="testGet" classname="demo.SampleTesting" time="0.414">
    <system-out><![CDATA[HTTP/1.1 200 OK
]]></system-out>
  </testcase>
  <testcase name="testPost" classname="demo.SampleTesting" time="1.866">
    <system-out><![CDATA[HTTP/1.1 200 OK
Date: Fri, 26 Sep 2025 07:34:35 GMT
Content-Type: application/json
Transfer-Encoding: chunked
Connection: keep-alive
Access-Control-Allow-Origin: *
Access-Control-Allow-Methods: GET, POST, DELETE, PUT
Access-Control-Allow-Headers: Content-Type, api_key, Authorization
Server: Jetty(9.2.9.v20150224)

{
    "id": 9223372036854775807,
    "category": {
        "id": 0,
        "name": "string"
    },
    "name": "Tiger",
    "photoUrls": [
        "string"
    ],
    "tags": [
        {
            "id": 0,
            "name": "string"
        }
    ],
    "status": "available"
}
]]></system-out>
  </testcase>
</testsuite>