<?xml version="1.0" encoding="UTF-8"?>
<!-- Generated by org.testng.reporters.JUnitXMLReporter -->
<testsuite ignored="0" hostname="IBM-PF2P2C5G" failures="0" tests="10" name="Test" time="16.429" errors="0" timestamp="2025-09-26T13:04:36 IST">
  <testcase classname="demo.GraphqlQueryCalls" name="testWithVariables" time="5.358"/>
  <testcase classname="demo.GraphqlQueryCalls" name="testWithVariables" time="0.535"/>
  <testcase classname="demo.GraphqlQueryCalls" name="testXLData" time="1.873"/>
  <testcase classname="demo.GraphqlQueryCalls" name="testXLData" time="0.579"/>
  <testcase classname="demo.GraphqlQueryCalls" name="testXLData" time="0.358"/>
  <testcase classname="demo.GraphqlQueryCalls" name="testXLData" time="0.383"/>
  <testcase classname="demo.PojoCalls" name="testPojoForCountry" time="1.428"/>
  <testcase classname="demo.SampleTesting" name="test1" time="0.877"/>
  <testcase classname="demo.SampleTesting" name="testGet" time="0.414"/>
  <testcase classname="demo.SampleTesting" name="testPost" time="1.867"/>
</testsuite> <!-- Test -->
