<?xml version="1.0" encoding="UTF-8"?>
<testng-results ignored="0" total="1" passed="1" failed="0" skipped="0">
  <reporter-output>
  </reporter-output>
  <suite started-at="2025-09-30T13:09:24 IST" name="Default suite" finished-at="2025-09-30T13:09:33 IST" duration-ms="9576">
    <groups>
    </groups>
    <test started-at="2025-09-30T13:09:24 IST" name="Default test" finished-at="2025-09-30T13:09:33 IST" duration-ms="9576">
      <class name="demo.PojoCalls">
        <test-method is-config="true" signature="declareBaseURI()[pri:0, instance:demo.PojoCalls@f5958c9]" started-at="2025-09-30T13:09:24 IST" name="declareBaseURI" finished-at="2025-09-30T13:09:25 IST" duration-ms="1485" status="PASS">
          <reporter-output>
          </reporter-output>
        </test-method> <!-- declareBaseURI -->
        <test-method signature="testPojoForCountry()[pri:0, instance:demo.PojoCalls@f5958c9]" started-at="2025-09-30T13:09:25 IST" name="testPojoForCountry" finished-at="2025-09-30T13:09:33 IST" duration-ms="7896" status="PASS">
          <reporter-output>
          </reporter-output>
        </test-method> <!-- testPojoForCountry -->
      </class> <!-- demo.PojoCalls -->
    </test> <!-- Default test -->
  </suite> <!-- Default suite -->
</testng-results>
